0 info it worked if it ends with ok
1 verbose cli [ '/Users/ricardomestre/.nvm/versions/node/v6.10.3/bin/node',
1 verbose cli   '/Users/ricardomestre/.nvm/versions/node/v6.10.3/bin/npm',
1 verbose cli   'run',
1 verbose cli   'serve' ]
2 info using npm@3.10.10
3 info using node@v6.10.3
4 verbose run-script [ 'preserve', 'serve', 'postserve' ]
5 info lifecycle climatescope1.0@0.0.1~preserve: climatescope1.0@0.0.1
6 silly lifecycle climatescope1.0@0.0.1~preserve: no script for preserve, continuing
7 info lifecycle climatescope1.0@0.0.1~serve: climatescope1.0@0.0.1
8 verbose lifecycle climatescope1.0@0.0.1~serve: unsafe-perm in lifecycle true
9 verbose lifecycle climatescope1.0@0.0.1~serve: PATH: /Users/ricardomestre/.nvm/versions/node/v6.10.3/lib/node_modules/npm/bin/node-gyp-bin:/Users/ricardomestre/Code/climatescope.org/node_modules/.bin:/Users/ricardomestre/.rvm/gems/ruby-2.3.4/bin:/Users/ricardomestre/.rvm/gems/ruby-2.3.4@global/bin:/Users/ricardomestre/.rvm/rubies/ruby-2.3.4/bin:/Users/ricardomestre/.nvm/versions/node/v6.10.3/bin:/opt/local/bin:/opt/local/sbin:/opt/local/bin:/opt/local/sbin:/Applications/MAMP/bin/php/php5.5.10/bin:/usr/local/bin:/usr/bin:/bin:/usr/sbin:/sbin:/opt/X11/bin:/Users/ricardomestre/.nvm/versions/node/v6.10.3/bin:/Users/ricardomestre/.rvm/bin:/Users/ricardomestre/.nexustools
10 verbose lifecycle climatescope1.0@0.0.1~serve: CWD: /Users/ricardomestre/Code/climatescope.org
11 silly lifecycle climatescope1.0@0.0.1~serve: Args: [ '-c', 'DS_ENV=development NODE_ENV=development gulp serve' ]
12 silly lifecycle climatescope1.0@0.0.1~serve: Returned: code: 1  signal: null
13 info lifecycle climatescope1.0@0.0.1~serve: Failed to exec serve script
14 verbose stack Error: climatescope1.0@0.0.1 serve: `DS_ENV=development NODE_ENV=development gulp serve`
14 verbose stack Exit status 1
14 verbose stack     at EventEmitter.<anonymous> (/Users/ricardomestre/.nvm/versions/node/v6.10.3/lib/node_modules/npm/lib/utils/lifecycle.js:255:16)
14 verbose stack     at emitTwo (events.js:106:13)
14 verbose stack     at EventEmitter.emit (events.js:191:7)
14 verbose stack     at ChildProcess.<anonymous> (/Users/ricardomestre/.nvm/versions/node/v6.10.3/lib/node_modules/npm/lib/utils/spawn.js:40:14)
14 verbose stack     at emitTwo (events.js:106:13)
14 verbose stack     at ChildProcess.emit (events.js:191:7)
14 verbose stack     at maybeClose (internal/child_process.js:886:16)
14 verbose stack     at Process.ChildProcess._handle.onexit (internal/child_process.js:226:5)
15 verbose pkgid climatescope1.0@0.0.1
16 verbose cwd /Users/ricardomestre/Code/climatescope.org
17 error Darwin 15.6.0
18 error argv "/Users/ricardomestre/.nvm/versions/node/v6.10.3/bin/node" "/Users/ricardomestre/.nvm/versions/node/v6.10.3/bin/npm" "run" "serve"
19 error node v6.10.3
20 error npm  v3.10.10
21 error code ELIFECYCLE
22 error climatescope1.0@0.0.1 serve: `DS_ENV=development NODE_ENV=development gulp serve`
22 error Exit status 1
23 error Failed at the climatescope1.0@0.0.1 serve script 'DS_ENV=development NODE_ENV=development gulp serve'.
23 error Make sure you have the latest version of node.js and npm installed.
23 error If you do, this is most likely a problem with the climatescope1.0 package,
23 error not with npm itself.
23 error Tell the author that this fails on your system:
23 error     DS_ENV=development NODE_ENV=development gulp serve
23 error You can get information on how to open an issue for this project with:
23 error     npm bugs climatescope1.0
23 error Or if that isn't available, you can get their info via:
23 error     npm owner ls climatescope1.0
23 error There is likely additional logging output above.
24 verbose exit [ 1, true ]
